000 (7217627.002.000) 07/11 18:03:31 Job submitted from host: <188.184.90.62:9618?addrs=188.184.90.62-9618+[2001-1458-201-e4--100-238]-9618&alias=bigbird16.cern.ch&noUDP&sock=schedd_64384_a5b1>
...
040 (7217627.002.000) 07/11 18:04:14 Started transferring input files
	Transferring to host: <128.142.192.198:9618?addrs=128.142.192.198-9618+[2001-1458-301-56--100-42]-9618&alias=b7g18p1240.cern.ch&noUDP&sock=slot1_36_3365_b262_27553>
...
040 (7217627.002.000) 07/11 18:04:14 Finished transferring input files
...
001 (7217627.002.000) 07/11 18:04:15 Job executing on host: <128.142.192.198:9618?addrs=128.142.192.198-9618+[2001-1458-301-56--100-42]-9618&alias=b7g18p1240.cern.ch&noUDP&sock=startd_2922_d3d2>
...
006 (7217627.002.000) 07/11 18:04:17 Image size of job updated: 1
	0  -  MemoryUsage of job (MB)
	0  -  ResidentSetSize of job (KB)
...
040 (7217627.002.000) 07/11 18:04:17 Started transferring output files
...
040 (7217627.002.000) 07/11 18:04:17 Finished transferring output files
...
005 (7217627.002.000) 07/11 18:04:17 Job terminated.
	(1) Normal termination (return value 1)
		Usr 0 00:00:00, Sys 0 00:00:00  -  Run Remote Usage
		Usr 0 00:00:00, Sys 0 00:00:00  -  Run Local Usage
		Usr 0 00:00:00, Sys 0 00:00:00  -  Total Remote Usage
		Usr 0 00:00:00, Sys 0 00:00:00  -  Total Local Usage
	5722  -  Run Bytes Sent By Job
	10855  -  Run Bytes Received By Job
	5722  -  Total Bytes Sent By Job
	10855  -  Total Bytes Received By Job
	Partitionable Resources :    Usage  Request Allocated 
	   Cpus                 :                 1         1 
	   Disk (KB)            :       33        1   3036457 
	   Memory (MB)          :        0     2000      2000 

	Job terminated of its own accord at 2022-07-11T16:04:17Z.
...
000 (7217630.002.000) 07/11 18:10:42 Job submitted from host: <188.184.90.62:9618?addrs=188.184.90.62-9618+[2001-1458-201-e4--100-238]-9618&alias=bigbird16.cern.ch&noUDP&sock=schedd_64384_a5b1>
...
040 (7217630.002.000) 07/11 18:17:13 Started transferring input files
	Transferring to host: <128.142.248.233:9618?addrs=128.142.248.233-9618+[2001-1458-301-73--100-e8]-9618&alias=b7g23p1714.cern.ch&noUDP&sock=slot1_23_3909_fe78_103032>
...
040 (7217630.002.000) 07/11 18:17:13 Finished transferring input files
...
001 (7217630.002.000) 07/11 18:17:14 Job executing on host: <128.142.248.233:9618?addrs=128.142.248.233-9618+[2001-1458-301-73--100-e8]-9618&alias=b7g23p1714.cern.ch&noUDP&sock=startd_3174_adb0>
...
006 (7217630.002.000) 07/11 18:17:16 Image size of job updated: 1
	0  -  MemoryUsage of job (MB)
	0  -  ResidentSetSize of job (KB)
...
040 (7217630.002.000) 07/11 18:17:16 Started transferring output files
...
040 (7217630.002.000) 07/11 18:17:16 Finished transferring output files
...
005 (7217630.002.000) 07/11 18:17:16 Job terminated.
	(1) Normal termination (return value 1)
		Usr 0 00:00:00, Sys 0 00:00:00  -  Run Remote Usage
		Usr 0 00:00:00, Sys 0 00:00:00  -  Run Local Usage
		Usr 0 00:00:00, Sys 0 00:00:00  -  Total Remote Usage
		Usr 0 00:00:00, Sys 0 00:00:00  -  Total Local Usage
	5869  -  Run Bytes Sent By Job
	10855  -  Run Bytes Received By Job
	5869  -  Total Bytes Sent By Job
	10855  -  Total Bytes Received By Job
	Partitionable Resources :    Usage  Request Allocated 
	   Cpus                 :                 1         1 
	   Disk (KB)            :       65        1   3034770 
	   Memory (MB)          :        0     2000      2000 

	Job terminated of its own accord at 2022-07-11T16:17:16Z.
...
000 (7217637.002.000) 07/11 19:57:15 Job submitted from host: <188.184.90.62:9618?addrs=188.184.90.62-9618+[2001-1458-201-e4--100-238]-9618&alias=bigbird16.cern.ch&noUDP&sock=schedd_64384_a5b1>
...
040 (7217637.002.000) 07/11 19:59:43 Started transferring input files
	Transferring to host: <188.185.105.179:9618?addrs=188.185.105.179-9618+[2001-1458-d00-3e--100-150]-9618&alias=b7g50s6294.cern.ch&noUDP&sock=slot1_12_2325_ec38_83275>
...
040 (7217637.002.000) 07/11 19:59:43 Finished transferring input files
...
001 (7217637.002.000) 07/11 19:59:44 Job executing on host: <188.185.105.179:9618?addrs=188.185.105.179-9618+[2001-1458-d00-3e--100-150]-9618&alias=b7g50s6294.cern.ch&noUDP&sock=startd_1929_b647>
...
006 (7217637.002.000) 07/11 19:59:53 Image size of job updated: 311140
	90  -  MemoryUsage of job (MB)
	91220  -  ResidentSetSize of job (KB)
...
006 (7217637.002.000) 07/11 20:04:54 Image size of job updated: 762596
	94  -  MemoryUsage of job (MB)
	95884  -  ResidentSetSize of job (KB)
...
006 (7217637.002.000) 07/11 20:09:54 Image size of job updated: 762596
	94  -  MemoryUsage of job (MB)
	95892  -  ResidentSetSize of job (KB)
...
006 (7217637.002.000) 07/11 20:14:54 Image size of job updated: 762596
	94  -  MemoryUsage of job (MB)
	95908  -  ResidentSetSize of job (KB)
...
006 (7217637.002.000) 07/11 20:19:55 Image size of job updated: 762596
	94  -  MemoryUsage of job (MB)
	95924  -  ResidentSetSize of job (KB)
...
006 (7217637.002.000) 07/11 20:24:55 Image size of job updated: 762596
	94  -  MemoryUsage of job (MB)
	95944  -  ResidentSetSize of job (KB)
...
006 (7217637.002.000) 07/11 20:29:55 Image size of job updated: 762596
	94  -  MemoryUsage of job (MB)
	95948  -  ResidentSetSize of job (KB)
...
006 (7217637.002.000) 07/11 20:34:56 Image size of job updated: 762596
	94  -  MemoryUsage of job (MB)
	96000  -  ResidentSetSize of job (KB)
...
006 (7217637.002.000) 07/11 20:39:57 Image size of job updated: 762596
	94  -  MemoryUsage of job (MB)
	96028  -  ResidentSetSize of job (KB)
...
006 (7217637.002.000) 07/11 20:44:57 Image size of job updated: 762596
	94  -  MemoryUsage of job (MB)
	96032  -  ResidentSetSize of job (KB)
...
006 (7217637.002.000) 07/11 20:49:57 Image size of job updated: 762596
	94  -  MemoryUsage of job (MB)
	96036  -  ResidentSetSize of job (KB)
...
006 (7217637.002.000) 07/11 20:54:58 Image size of job updated: 762596
	94  -  MemoryUsage of job (MB)
	96044  -  ResidentSetSize of job (KB)
...
006 (7217637.002.000) 07/11 20:59:59 Image size of job updated: 762596
	94  -  MemoryUsage of job (MB)
	96048  -  ResidentSetSize of job (KB)
...
006 (7217637.002.000) 07/11 21:04:59 Image size of job updated: 762596
	94  -  MemoryUsage of job (MB)
	96052  -  ResidentSetSize of job (KB)
...
040 (7217637.002.000) 07/11 21:07:48 Started transferring output files
...
040 (7217637.002.000) 07/11 21:07:48 Finished transferring output files
...
005 (7217637.002.000) 07/11 21:07:48 Job terminated.
	(1) Normal termination (return value 1)
		Usr 0 00:00:24, Sys 0 00:00:11  -  Run Remote Usage
		Usr 0 00:00:00, Sys 0 00:00:00  -  Run Local Usage
		Usr 0 00:00:24, Sys 0 00:00:11  -  Total Remote Usage
		Usr 0 00:00:00, Sys 0 00:00:00  -  Total Local Usage
	6555  -  Run Bytes Sent By Job
	10855  -  Run Bytes Received By Job
	6555  -  Total Bytes Sent By Job
	10855  -  Total Bytes Received By Job
	Partitionable Resources :    Usage  Request Allocated 
	   Cpus                 :     0.01        1         1 
	   Disk (KB)            :    73           1    599887 
	   Memory (MB)          :    94        2000      2000 

	Job terminated of its own accord at 2022-07-11T19:07:48Z.
...
000 (7218599.002.000) 07/12 10:29:56 Job submitted from host: <188.184.90.62:9618?addrs=188.184.90.62-9618+[2001-1458-201-e4--100-238]-9618&alias=bigbird16.cern.ch&noUDP&sock=schedd_64384_a5b1>
...
040 (7218599.002.000) 07/12 10:37:14 Started transferring input files
	Transferring to host: <128.142.60.156:9618?addrs=128.142.60.156-9618+[2001-1458-301-22--100-9b]-9618&alias=b7s05p0303.cern.ch&noUDP&sock=slot1_18_3993_2dfb_86358>
...
040 (7218599.002.000) 07/12 10:37:14 Finished transferring input files
...
001 (7218599.002.000) 07/12 10:37:15 Job executing on host: <128.142.60.156:9618?addrs=128.142.60.156-9618+[2001-1458-301-22--100-9b]-9618&alias=b7s05p0303.cern.ch&noUDP&sock=startd_3095_7db5>
...
006 (7218599.002.000) 07/12 10:37:24 Image size of job updated: 756468
	97  -  MemoryUsage of job (MB)
	98608  -  ResidentSetSize of job (KB)
...
006 (7218599.002.000) 07/12 10:42:25 Image size of job updated: 757648
	97  -  MemoryUsage of job (MB)
	98868  -  ResidentSetSize of job (KB)
...
006 (7218599.002.000) 07/12 10:52:25 Image size of job updated: 757648
	97  -  MemoryUsage of job (MB)
	98884  -  ResidentSetSize of job (KB)
...
006 (7218599.002.000) 07/12 10:57:27 Image size of job updated: 757648
	97  -  MemoryUsage of job (MB)
	98908  -  ResidentSetSize of job (KB)
...
006 (7218599.002.000) 07/12 11:02:27 Image size of job updated: 757648
	97  -  MemoryUsage of job (MB)
	98924  -  ResidentSetSize of job (KB)
...
006 (7218599.002.000) 07/12 11:07:27 Image size of job updated: 757648
	97  -  MemoryUsage of job (MB)
	98968  -  ResidentSetSize of job (KB)
...
006 (7218599.002.000) 07/12 11:12:28 Image size of job updated: 757648
	97  -  MemoryUsage of job (MB)
	99000  -  ResidentSetSize of job (KB)
...
006 (7218599.002.000) 07/12 11:17:29 Image size of job updated: 757648
	97  -  MemoryUsage of job (MB)
	99012  -  ResidentSetSize of job (KB)
...
006 (7218599.002.000) 07/12 11:22:29 Image size of job updated: 757648
	97  -  MemoryUsage of job (MB)
	99016  -  ResidentSetSize of job (KB)
...
006 (7218599.002.000) 07/12 11:27:30 Image size of job updated: 757648
	97  -  MemoryUsage of job (MB)
	99024  -  ResidentSetSize of job (KB)
...
006 (7218599.002.000) 07/12 11:32:31 Image size of job updated: 757648
	97  -  MemoryUsage of job (MB)
	99028  -  ResidentSetSize of job (KB)
...
006 (7218599.002.000) 07/12 11:37:31 Image size of job updated: 757648
	97  -  MemoryUsage of job (MB)
	99036  -  ResidentSetSize of job (KB)
...
040 (7218599.002.000) 07/12 11:43:41 Started transferring output files
...
040 (7218599.002.000) 07/12 11:43:41 Finished transferring output files
...
005 (7218599.002.000) 07/12 11:43:41 Job terminated.
	(1) Normal termination (return value 1)
		Usr 0 00:00:26, Sys 0 00:00:17  -  Run Remote Usage
		Usr 0 00:00:00, Sys 0 00:00:00  -  Run Local Usage
		Usr 0 00:00:26, Sys 0 00:00:17  -  Total Remote Usage
		Usr 0 00:00:00, Sys 0 00:00:00  -  Total Local Usage
	6442  -  Run Bytes Sent By Job
	10855  -  Run Bytes Received By Job
	6442  -  Total Bytes Sent By Job
	10855  -  Total Bytes Received By Job
	Partitionable Resources :    Usage  Request Allocated 
	   Cpus                 :     0.01        1         1 
	   Disk (KB)            :   145           1   1276871 
	   Memory (MB)          :    97        2000      2000 

	Job terminated of its own accord at 2022-07-12T09:43:41Z.
...
000 (7221338.002.000) 07/14 15:18:54 Job submitted from host: <188.184.90.62:9618?addrs=188.184.90.62-9618+[2001-1458-201-e4--100-238]-9618&alias=bigbird16.cern.ch&noUDP&sock=schedd_64384_a5b1>
...
040 (7221338.002.000) 07/14 15:31:28 Started transferring input files
	Transferring to host: <128.142.56.18:9618?addrs=128.142.56.18-9618+[2001-1458-301-6--100-11]-9618&alias=b7s01p4277.cern.ch&noUDP&sock=slot1_5_3918_55d8_86113>
...
040 (7221338.002.000) 07/14 15:31:28 Finished transferring input files
...
001 (7221338.002.000) 07/14 15:31:29 Job executing on host: <128.142.56.18:9618?addrs=128.142.56.18-9618+[2001-1458-301-6--100-11]-9618&alias=b7s01p4277.cern.ch&noUDP&sock=startd_3025_7a13>
...
006 (7221338.002.000) 07/14 15:31:38 Image size of job updated: 104892
	59  -  MemoryUsage of job (MB)
	59560  -  ResidentSetSize of job (KB)
...
006 (7221338.002.000) 07/14 15:36:39 Image size of job updated: 757648
	97  -  MemoryUsage of job (MB)
	98924  -  ResidentSetSize of job (KB)
...
006 (7221338.002.000) 07/14 15:41:39 Image size of job updated: 757648
	97  -  MemoryUsage of job (MB)
	98932  -  ResidentSetSize of job (KB)
...
006 (7221338.002.000) 07/14 15:46:40 Image size of job updated: 757648
	97  -  MemoryUsage of job (MB)
	98952  -  ResidentSetSize of job (KB)
...
006 (7221338.002.000) 07/14 15:51:41 Image size of job updated: 757648
	97  -  MemoryUsage of job (MB)
	98984  -  ResidentSetSize of job (KB)
...
006 (7221338.002.000) 07/14 15:56:41 Image size of job updated: 757648
	97  -  MemoryUsage of job (MB)
	98996  -  ResidentSetSize of job (KB)
...
006 (7221338.002.000) 07/14 16:01:41 Image size of job updated: 757648
	97  -  MemoryUsage of job (MB)
	99004  -  ResidentSetSize of job (KB)
...
006 (7221338.002.000) 07/14 16:06:43 Image size of job updated: 757648
	97  -  MemoryUsage of job (MB)
	99052  -  ResidentSetSize of job (KB)
...
006 (7221338.002.000) 07/14 16:11:43 Image size of job updated: 757648
	97  -  MemoryUsage of job (MB)
	99084  -  ResidentSetSize of job (KB)
...
006 (7221338.002.000) 07/14 16:16:43 Image size of job updated: 757648
	97  -  MemoryUsage of job (MB)
	99092  -  ResidentSetSize of job (KB)
...
006 (7221338.002.000) 07/14 16:21:44 Image size of job updated: 757648
	97  -  MemoryUsage of job (MB)
	99100  -  ResidentSetSize of job (KB)
...
006 (7221338.002.000) 07/14 16:26:45 Image size of job updated: 757648
	97  -  MemoryUsage of job (MB)
	99116  -  ResidentSetSize of job (KB)
...
006 (7221338.002.000) 07/14 16:31:45 Image size of job updated: 757648
	97  -  MemoryUsage of job (MB)
	99120  -  ResidentSetSize of job (KB)
...
006 (7221338.002.000) 07/14 16:36:45 Image size of job updated: 757648
	97  -  MemoryUsage of job (MB)
	99124  -  ResidentSetSize of job (KB)
...
040 (7221338.002.000) 07/14 16:39:23 Started transferring output files
...
040 (7221338.002.000) 07/14 16:39:23 Finished transferring output files
...
005 (7221338.002.000) 07/14 16:39:23 Job terminated.
	(1) Normal termination (return value 1)
		Usr 0 00:00:29, Sys 0 00:00:15  -  Run Remote Usage
		Usr 0 00:00:00, Sys 0 00:00:00  -  Run Local Usage
		Usr 0 00:00:29, Sys 0 00:00:15  -  Total Remote Usage
		Usr 0 00:00:00, Sys 0 00:00:00  -  Total Local Usage
	6475  -  Run Bytes Sent By Job
	10855  -  Run Bytes Received By Job
	6475  -  Total Bytes Sent By Job
	10855  -  Total Bytes Received By Job
	Partitionable Resources :    Usage  Request Allocated 
	   Cpus                 :     0.02        1         1 
	   Disk (KB)            :   177           1   1275244 
	   Memory (MB)          :    97        2000      2000 

	Job terminated of its own accord at 2022-07-14T14:39:23Z.
...
